[INFO] [2015-04-06 22:35:47][org.springframework.test.context.support.DefaultTestContextBootstrapper]Loaded default TestExecutionListener class names from location [META-INF/spring.factories]: [org.springframework.test.context.web.ServletTestExecutionListener, org.springframework.test.context.support.DependencyInjectionTestExecutionListener, org.springframework.test.context.support.DirtiesContextTestExecutionListener, org.springframework.test.context.transaction.TransactionalTestExecutionListener, org.springframework.test.context.jdbc.SqlScriptsTestExecutionListener]
[INFO] [2015-04-06 22:35:47][org.springframework.test.context.support.DefaultTestContextBootstrapper]Using TestExecutionListeners: [org.springframework.test.context.web.ServletTestExecutionListener@1771302, org.springframework.test.context.support.DependencyInjectionTestExecutionListener@80fb85, org.springframework.test.context.support.DirtiesContextTestExecutionListener@ef96, org.springframework.test.context.transaction.TransactionalTestExecutionListener@17185c8, org.springframework.test.context.jdbc.SqlScriptsTestExecutionListener@628e1]
[INFO] [2015-04-06 22:35:48][org.springframework.beans.factory.xml.XmlBeanDefinitionReader]Loading XML bean definitions from class path resource [applicationContext.xml]
[INFO] [2015-04-06 22:35:48][org.springframework.beans.factory.xml.XmlBeanDefinitionReader]Loading XML bean definitions from class path resource [spring-mvc.xml]
[INFO] [2015-04-06 22:35:48][org.springframework.context.support.GenericApplicationContext]Refreshing org.springframework.context.support.GenericApplicationContext@1b60b98: startup date [Mon Apr 06 22:35:48 CST 2015]; root of context hierarchy
[INFO] [2015-04-06 22:35:49][org.springframework.context.support.PropertySourcesPlaceholderConfigurer]Loading properties file from class path resource [jdbc.properties]
[INFO] [2015-04-06 22:35:49][org.springframework.web.servlet.mvc.method.annotation.RequestMappingHandlerMapping]Mapped "{[/index],methods=[GET],params=[],headers=[],consumes=[],produces=[],custom=[]}" onto public java.lang.String com.blog.controller.MainController.index()
[INFO] [2015-04-06 22:35:49][org.springframework.web.servlet.mvc.method.annotation.RequestMappingHandlerMapping]Mapped "{[/login_form],methods=[GET],params=[],headers=[],consumes=[],produces=[],custom=[]}" onto public java.lang.String com.blog.controller.UserController.loginForm()
[INFO] [2015-04-06 22:35:50][org.springframework.web.servlet.mvc.method.annotation.RequestMappingHandlerAdapter]Looking for @ControllerAdvice: org.springframework.context.support.GenericApplicationContext@1b60b98: startup date [Mon Apr 06 22:35:48 CST 2015]; root of context hierarchy
[INFO] [2015-04-06 22:35:50][org.springframework.web.servlet.mvc.method.annotation.RequestMappingHandlerAdapter]Looking for @ControllerAdvice: org.springframework.context.support.GenericApplicationContext@1b60b98: startup date [Mon Apr 06 22:35:48 CST 2015]; root of context hierarchy
[INFO] [2015-04-06 22:35:50][org.springframework.web.servlet.handler.SimpleUrlHandlerMapping]Mapped URL path [/**] onto handler 'org.springframework.web.servlet.resource.DefaultServletHttpRequestHandler#0'
[INFO] [2015-04-06 22:35:51][org.springframework.beans.factory.xml.XmlBeanDefinitionReader]Loading XML bean definitions from class path resource [org/springframework/jdbc/support/sql-error-codes.xml]
[INFO] [2015-04-06 22:35:51][org.springframework.jdbc.support.SQLErrorCodesFactory]SQLErrorCodes loaded: [DB2, Derby, H2, HSQL, Informix, MS-SQL, MySQL, Oracle, PostgreSQL, Sybase, Hana]
[INFO] [2015-04-06 22:35:51][org.springframework.context.support.GenericApplicationContext]Closing org.springframework.context.support.GenericApplicationContext@1b60b98: startup date [Mon Apr 06 22:35:48 CST 2015]; root of context hierarchy
[INFO] [2015-04-06 22:37:49][org.springframework.test.context.support.DefaultTestContextBootstrapper]Loaded default TestExecutionListener class names from location [META-INF/spring.factories]: [org.springframework.test.context.web.ServletTestExecutionListener, org.springframework.test.context.support.DependencyInjectionTestExecutionListener, org.springframework.test.context.support.DirtiesContextTestExecutionListener, org.springframework.test.context.transaction.TransactionalTestExecutionListener, org.springframework.test.context.jdbc.SqlScriptsTestExecutionListener]
[INFO] [2015-04-06 22:37:49][org.springframework.test.context.support.DefaultTestContextBootstrapper]Using TestExecutionListeners: [org.springframework.test.context.web.ServletTestExecutionListener@151313a, org.springframework.test.context.support.DependencyInjectionTestExecutionListener@1771302, org.springframework.test.context.support.DirtiesContextTestExecutionListener@80fb85, org.springframework.test.context.transaction.TransactionalTestExecutionListener@ef96, org.springframework.test.context.jdbc.SqlScriptsTestExecutionListener@17185c8]
[INFO] [2015-04-06 22:37:49][org.springframework.beans.factory.xml.XmlBeanDefinitionReader]Loading XML bean definitions from class path resource [applicationContext.xml]
[INFO] [2015-04-06 22:37:50][org.springframework.beans.factory.xml.XmlBeanDefinitionReader]Loading XML bean definitions from class path resource [spring-mvc.xml]
[INFO] [2015-04-06 22:37:50][org.springframework.context.support.GenericApplicationContext]Refreshing org.springframework.context.support.GenericApplicationContext@2f7af3: startup date [Mon Apr 06 22:37:50 CST 2015]; root of context hierarchy
[INFO] [2015-04-06 22:37:50][org.springframework.context.support.PropertySourcesPlaceholderConfigurer]Loading properties file from class path resource [jdbc.properties]
[INFO] [2015-04-06 22:37:51][org.springframework.web.servlet.mvc.method.annotation.RequestMappingHandlerMapping]Mapped "{[/index],methods=[GET],params=[],headers=[],consumes=[],produces=[],custom=[]}" onto public java.lang.String com.blog.controller.MainController.index()
[INFO] [2015-04-06 22:37:51][org.springframework.web.servlet.mvc.method.annotation.RequestMappingHandlerMapping]Mapped "{[/login_form],methods=[GET],params=[],headers=[],consumes=[],produces=[],custom=[]}" onto public java.lang.String com.blog.controller.UserController.loginForm()
[INFO] [2015-04-06 22:37:51][org.springframework.web.servlet.mvc.method.annotation.RequestMappingHandlerAdapter]Looking for @ControllerAdvice: org.springframework.context.support.GenericApplicationContext@2f7af3: startup date [Mon Apr 06 22:37:50 CST 2015]; root of context hierarchy
[INFO] [2015-04-06 22:37:52][org.springframework.web.servlet.mvc.method.annotation.RequestMappingHandlerAdapter]Looking for @ControllerAdvice: org.springframework.context.support.GenericApplicationContext@2f7af3: startup date [Mon Apr 06 22:37:50 CST 2015]; root of context hierarchy
[INFO] [2015-04-06 22:37:52][org.springframework.web.servlet.handler.SimpleUrlHandlerMapping]Mapped URL path [/**] onto handler 'org.springframework.web.servlet.resource.DefaultServletHttpRequestHandler#0'
[INFO] [2015-04-06 22:37:52][org.springframework.beans.factory.xml.XmlBeanDefinitionReader]Loading XML bean definitions from class path resource [org/springframework/jdbc/support/sql-error-codes.xml]
[INFO] [2015-04-06 22:37:52][org.springframework.jdbc.support.SQLErrorCodesFactory]SQLErrorCodes loaded: [DB2, Derby, H2, HSQL, Informix, MS-SQL, MySQL, Oracle, PostgreSQL, Sybase, Hana]
[INFO] [2015-04-06 22:37:52][org.springframework.context.support.GenericApplicationContext]Closing org.springframework.context.support.GenericApplicationContext@2f7af3: startup date [Mon Apr 06 22:37:50 CST 2015]; root of context hierarchy
[INFO] [2015-04-06 22:40:18][org.springframework.test.context.support.DefaultTestContextBootstrapper]Loaded default TestExecutionListener class names from location [META-INF/spring.factories]: [org.springframework.test.context.web.ServletTestExecutionListener, org.springframework.test.context.support.DependencyInjectionTestExecutionListener, org.springframework.test.context.support.DirtiesContextTestExecutionListener, org.springframework.test.context.transaction.TransactionalTestExecutionListener, org.springframework.test.context.jdbc.SqlScriptsTestExecutionListener]
[INFO] [2015-04-06 22:40:18][org.springframework.test.context.support.DefaultTestContextBootstrapper]Using TestExecutionListeners: [org.springframework.test.context.web.ServletTestExecutionListener@1771302, org.springframework.test.context.support.DependencyInjectionTestExecutionListener@80fb85, org.springframework.test.context.support.DirtiesContextTestExecutionListener@ef96, org.springframework.test.context.transaction.TransactionalTestExecutionListener@17185c8, org.springframework.test.context.jdbc.SqlScriptsTestExecutionListener@628e1]
[INFO] [2015-04-06 22:40:19][org.springframework.beans.factory.xml.XmlBeanDefinitionReader]Loading XML bean definitions from class path resource [applicationContext.xml]
[INFO] [2015-04-06 22:40:19][org.springframework.beans.factory.xml.XmlBeanDefinitionReader]Loading XML bean definitions from class path resource [spring-mvc.xml]
[INFO] [2015-04-06 22:40:19][org.springframework.context.support.GenericApplicationContext]Refreshing org.springframework.context.support.GenericApplicationContext@130e79d: startup date [Mon Apr 06 22:40:19 CST 2015]; root of context hierarchy
[INFO] [2015-04-06 22:40:19][org.springframework.context.support.PropertySourcesPlaceholderConfigurer]Loading properties file from class path resource [jdbc.properties]
[INFO] [2015-04-06 22:40:20][org.springframework.web.servlet.mvc.method.annotation.RequestMappingHandlerMapping]Mapped "{[/index],methods=[GET],params=[],headers=[],consumes=[],produces=[],custom=[]}" onto public java.lang.String com.blog.controller.MainController.index()
[INFO] [2015-04-06 22:40:20][org.springframework.web.servlet.mvc.method.annotation.RequestMappingHandlerMapping]Mapped "{[/login_form],methods=[GET],params=[],headers=[],consumes=[],produces=[],custom=[]}" onto public java.lang.String com.blog.controller.UserController.loginForm()
[INFO] [2015-04-06 22:40:21][org.springframework.web.servlet.mvc.method.annotation.RequestMappingHandlerAdapter]Looking for @ControllerAdvice: org.springframework.context.support.GenericApplicationContext@130e79d: startup date [Mon Apr 06 22:40:19 CST 2015]; root of context hierarchy
[INFO] [2015-04-06 22:40:21][org.springframework.web.servlet.mvc.method.annotation.RequestMappingHandlerAdapter]Looking for @ControllerAdvice: org.springframework.context.support.GenericApplicationContext@130e79d: startup date [Mon Apr 06 22:40:19 CST 2015]; root of context hierarchy
[INFO] [2015-04-06 22:40:21][org.springframework.web.servlet.handler.SimpleUrlHandlerMapping]Mapped URL path [/**] onto handler 'org.springframework.web.servlet.resource.DefaultServletHttpRequestHandler#0'
[INFO] [2015-04-06 22:40:21][com.blog.test.BaseTest]1
[INFO] [2015-04-06 22:40:21][com.blog.test.BaseTest]1
[INFO] [2015-04-06 22:40:21][org.springframework.context.support.GenericApplicationContext]Closing org.springframework.context.support.GenericApplicationContext@130e79d: startup date [Mon Apr 06 22:40:19 CST 2015]; root of context hierarchy
